  [4;36;1mSQL (0.1ms)[0m   [0;1mSET NAMES 'utf8'[0m
  [4;35;1mSQL (0.0ms)[0m   [0mSET SQL_AUTO_IS_NULL=0[0m


Processing ActionController::Base#index (for 127.0.0.1 at 2009-12-20 21:36:05) [GET]

ActionController::RoutingError (No route matches "/Pizza" with {:method=>:get}):
  /usr/lib/ruby/1.8/webrick/httpserver.rb:104:in `service'
  /usr/lib/ruby/1.8/webrick/httpserver.rb:65:in `run'
  /usr/lib/ruby/1.8/webrick/server.rb:173:in `start_thread'
  /usr/lib/ruby/1.8/webrick/server.rb:162:in `start'
  /usr/lib/ruby/1.8/webrick/server.rb:162:in `start_thread'
  /usr/lib/ruby/1.8/webrick/server.rb:95:in `start'
  /usr/lib/ruby/1.8/webrick/server.rb:92:in `each'
  /usr/lib/ruby/1.8/webrick/server.rb:92:in `start'
  /usr/lib/ruby/1.8/webrick/server.rb:23:in `start'
  /usr/lib/ruby/1.8/webrick/server.rb:82:in `start'

Rendering rescues/layout (not_found)
  [4;36;1mSQL (0.1ms)[0m   [0;1mSET NAMES 'utf8'[0m
  [4;35;1mSQL (0.0ms)[0m   [0mSET SQL_AUTO_IS_NULL=0[0m


Processing ActionController::Base#index (for 127.0.0.1 at 2009-12-20 21:36:20) [GET]

NameError (uninitialized constant ApplicationController):
  app/controllers/pizzas_controller.rb:1
  /usr/lib/ruby/1.8/webrick/httpserver.rb:104:in `service'
  /usr/lib/ruby/1.8/webrick/httpserver.rb:65:in `run'
  /usr/lib/ruby/1.8/webrick/server.rb:173:in `start_thread'
  /usr/lib/ruby/1.8/webrick/server.rb:162:in `start'
  /usr/lib/ruby/1.8/webrick/server.rb:162:in `start_thread'
  /usr/lib/ruby/1.8/webrick/server.rb:95:in `start'
  /usr/lib/ruby/1.8/webrick/server.rb:92:in `each'
  /usr/lib/ruby/1.8/webrick/server.rb:92:in `start'
  /usr/lib/ruby/1.8/webrick/server.rb:23:in `start'
  /usr/lib/ruby/1.8/webrick/server.rb:82:in `start'

Rendered rescues/_trace (58.1ms)
Rendered rescues/_request_and_response (1.2ms)
Rendering rescues/layout (internal_server_error)
  [4;36;1mSQL (5.2ms)[0m   [0;1mSET NAMES 'utf8'[0m
  [4;35;1mSQL (0.0ms)[0m   [0mSET SQL_AUTO_IS_NULL=0[0m
  [4;36;1mSQL (0.2ms)[0m   [0;1mSHOW TABLES[0m
  [4;35;1mSQL (0.1ms)[0m   [0mSHOW TABLES[0m
  [4;36;1mSQL (82.6ms)[0m   [0;1mCREATE TABLE `schema_migrations` (`version` varchar(255) NOT NULL) ENGINE=InnoDB[0m
  [4;35;1mSQL (135.4ms)[0m   [0mCREATE UNIQUE INDEX `unique_schema_migrations` ON `schema_migrations` (`version`)[0m
  [4;36;1mSQL (0.2ms)[0m   [0;1mSHOW TABLES[0m
  [4;35;1mSQL (0.2ms)[0m   [0mSELECT version FROM schema_migrations[0m
Migrating to CreatePizzas (20091220193515)
  [4;36;1mSQL (80.4ms)[0m   [0;1mCREATE TABLE `pizzas` (`id` int(11) DEFAULT NULL auto_increment PRIMARY KEY, `price` int(11), `kosher` tinyint(1), `slices` int(11), `created_at` datetime, `updated_at` datetime) ENGINE=InnoDB[0m
  [4;35;1mSQL (33.2ms)[0m   [0mINSERT INTO schema_migrations (version) VALUES ('20091220193515')[0m
  [4;36;1mSQL (0.2ms)[0m   [0;1mSHOW TABLES[0m
  [4;35;1mSQL (0.1ms)[0m   [0mSELECT version FROM schema_migrations[0m
  [4;36;1mSQL (0.1ms)[0m   [0;1mSHOW TABLES[0m
  [4;35;1mSQL (0.5ms)[0m   [0mSHOW FIELDS FROM `pizzas`[0m
  [4;36;1mSQL (0.4ms)[0m   [0;1mdescribe `pizzas`[0m
  [4;35;1mSQL (0.1ms)[0m   [0mSHOW KEYS FROM `pizzas`[0m
  [4;36;1mSQL (0.1ms)[0m   [0;1mSET NAMES 'utf8'[0m
  [4;35;1mSQL (0.0ms)[0m   [0mSET SQL_AUTO_IS_NULL=0[0m


Processing ActionController::Base#index (for 127.0.0.1 at 2009-12-20 21:36:55) [GET]

NameError (uninitialized constant ApplicationController):
  app/controllers/pizzas_controller.rb:1
  /usr/lib/ruby/1.8/webrick/httpserver.rb:104:in `service'
  /usr/lib/ruby/1.8/webrick/httpserver.rb:65:in `run'
  /usr/lib/ruby/1.8/webrick/server.rb:173:in `start_thread'
  /usr/lib/ruby/1.8/webrick/server.rb:162:in `start'
  /usr/lib/ruby/1.8/webrick/server.rb:162:in `start_thread'
  /usr/lib/ruby/1.8/webrick/server.rb:95:in `start'
  /usr/lib/ruby/1.8/webrick/server.rb:92:in `each'
  /usr/lib/ruby/1.8/webrick/server.rb:92:in `start'
  /usr/lib/ruby/1.8/webrick/server.rb:23:in `start'
  /usr/lib/ruby/1.8/webrick/server.rb:82:in `start'

Rendered rescues/_trace (25.3ms)
Rendered rescues/_request_and_response (1.2ms)
Rendering rescues/layout (internal_server_error)
  [4;36;1mSQL (0.1ms)[0m   [0;1mSET NAMES 'utf8'[0m
  [4;35;1mSQL (0.0ms)[0m   [0mSET SQL_AUTO_IS_NULL=0[0m


Processing ActionController::Base#index (for 127.0.0.1 at 2009-12-20 21:37:01) [GET]

NameError (uninitialized constant ApplicationController):
  app/controllers/pizzas_controller.rb:1
  /usr/lib/ruby/1.8/webrick/httpserver.rb:104:in `service'
  /usr/lib/ruby/1.8/webrick/httpserver.rb:65:in `run'
  /usr/lib/ruby/1.8/webrick/server.rb:173:in `start_thread'
  /usr/lib/ruby/1.8/webrick/server.rb:162:in `start'
  /usr/lib/ruby/1.8/webrick/server.rb:162:in `start_thread'
  /usr/lib/ruby/1.8/webrick/server.rb:95:in `start'
  /usr/lib/ruby/1.8/webrick/server.rb:92:in `each'
  /usr/lib/ruby/1.8/webrick/server.rb:92:in `start'
  /usr/lib/ruby/1.8/webrick/server.rb:23:in `start'
  /usr/lib/ruby/1.8/webrick/server.rb:82:in `start'

Rendered rescues/_trace (55.2ms)
Rendered rescues/_request_and_response (0.3ms)
Rendering rescues/layout (internal_server_error)
  [4;36;1mSQL (0.1ms)[0m   [0;1mSET NAMES 'utf8'[0m
  [4;35;1mSQL (0.0ms)[0m   [0mSET SQL_AUTO_IS_NULL=0[0m


Processing PizzasController#index (for 127.0.0.1 at 2009-12-20 21:38:03) [GET]
  [4;36;1mPizza Load (0.2ms)[0m   [0;1mSELECT * FROM `pizzas` [0m
Rendering template within layouts/pizzas
Rendering pizzas/index
Completed in 31ms (View: 25, DB: 0) | 200 OK [http://localhost/pizzas]
  [4;35;1mSQL (0.1ms)[0m   [0mSET NAMES 'utf8'[0m
  [4;36;1mSQL (0.0ms)[0m   [0;1mSET SQL_AUTO_IS_NULL=0[0m


Processing PizzasController#new (for 127.0.0.1 at 2009-12-20 21:43:04) [GET]
  [4;35;1mPizza Columns (0.6ms)[0m   [0mSHOW FIELDS FROM `pizzas`[0m
Rendering template within layouts/pizzas
Rendering pizzas/new
Completed in 14ms (View: 9, DB: 1) | 200 OK [http://localhost/pizzas/new]
  [4;36;1mSQL (0.1ms)[0m   [0;1mSET NAMES 'utf8'[0m
  [4;35;1mSQL (0.0ms)[0m   [0mSET SQL_AUTO_IS_NULL=0[0m
  [4;36;1mSQL (0.2ms)[0m   [0;1mSHOW TABLES[0m
  [4;35;1mSQL (0.1ms)[0m   [0mSELECT version FROM schema_migrations[0m
  [4;36;1mSQL (0.1ms)[0m   [0;1mSHOW TABLES[0m
  [4;35;1mSQL (0.0ms)[0m   [0mSELECT version FROM schema_migrations[0m
Migrating to CreatePizzas (20091220193515)
Migrating to CreateToppings (20091220194524)
  [4;36;1mSQL (83.7ms)[0m   [0;1mCREATE TABLE `toppings` (`id` int(11) DEFAULT NULL auto_increment PRIMARY KEY, `name` text, `created_at` datetime, `updated_at` datetime) ENGINE=InnoDB[0m
  [4;35;1mSQL (33.2ms)[0m   [0mINSERT INTO schema_migrations (version) VALUES ('20091220194524')[0m
  [4;36;1mSQL (0.2ms)[0m   [0;1mSHOW TABLES[0m
  [4;35;1mSQL (0.1ms)[0m   [0mSELECT version FROM schema_migrations[0m
  [4;36;1mSQL (0.1ms)[0m   [0;1mSHOW TABLES[0m
  [4;35;1mSQL (0.4ms)[0m   [0mSHOW FIELDS FROM `pizzas`[0m
  [4;36;1mSQL (0.4ms)[0m   [0;1mdescribe `pizzas`[0m
  [4;35;1mSQL (0.1ms)[0m   [0mSHOW KEYS FROM `pizzas`[0m
  [4;36;1mSQL (0.4ms)[0m   [0;1mSHOW FIELDS FROM `toppings`[0m
  [4;35;1mSQL (0.3ms)[0m   [0mdescribe `toppings`[0m
  [4;36;1mSQL (0.1ms)[0m   [0;1mSHOW KEYS FROM `toppings`[0m
  [4;36;1mSQL (0.1ms)[0m   [0;1mSET NAMES 'utf8'[0m
  [4;35;1mSQL (0.0ms)[0m   [0mSET SQL_AUTO_IS_NULL=0[0m
  [4;36;1mSQL (0.2ms)[0m   [0;1mSHOW TABLES[0m
  [4;35;1mSQL (0.1ms)[0m   [0mSELECT version FROM schema_migrations[0m
Migrating to CreatePizzas (20091220193515)
Migrating to CreateToppings (20091220194524)
Migrating to CreateOrders (20091220194857)
  [4;36;1mSQL (100.8ms)[0m   [0;1mCREATE TABLE `orders` (`id` int(11) DEFAULT NULL auto_increment PRIMARY KEY, `date` date, `created_at` datetime, `updated_at` datetime) ENGINE=InnoDB[0m
  [4;35;1mSQL (33.2ms)[0m   [0mINSERT INTO schema_migrations (version) VALUES ('20091220194857')[0m
Migrating to CreateRestaurants (20091220195121)
  [4;36;1mSQL (81.7ms)[0m   [0;1mCREATE TABLE `restaurants` (`id` int(11) DEFAULT NULL auto_increment PRIMARY KEY, `name` text, `default_price` int(11), `kosher` tinyint(1), `delivery_price` int(11), `created_at` datetime, `updated_at` datetime) ENGINE=InnoDB[0m
  [4;35;1mSQL (24.9ms)[0m   [0mINSERT INTO schema_migrations (version) VALUES ('20091220195121')[0m
Migrating to CreateUsers (20091220195238)
  [4;36;1mSQL (65.0ms)[0m   [0;1mCREATE TABLE `users` (`id` int(11) DEFAULT NULL auto_increment PRIMARY KEY, `name` text, `kosher` tinyint(1), `created_at` datetime, `updated_at` datetime) ENGINE=InnoDB[0m
  [4;35;1mSQL (24.9ms)[0m   [0mINSERT INTO schema_migrations (version) VALUES ('20091220195238')[0m
Migrating to AddTestingData (20091220200122)
  [4;36;1mUser Columns (0.7ms)[0m   [0;1mSHOW FIELDS FROM `users`[0m
  [4;35;1mSQL (0.1ms)[0m   [0mBEGIN[0m
  [4;36;1mUser Create (13.1ms)[0m   [0;1mINSERT INTO `users` (`name`, `created_at`, `updated_at`, `kosher`) VALUES('××¤×•×¦×¥ ×”×¤×™×¦×•×ª', '2009-12-20 20:07:59', '2009-12-20 20:07:59', NULL)[0m
  [4;35;1mSQL (29.6ms)[0m   [0mCOMMIT[0m
  [4;36;1mSQL (0.0ms)[0m   [0;1mBEGIN[0m
  [4;35;1mUser Create (0.1ms)[0m   [0mINSERT INTO `users` (`name`, `created_at`, `updated_at`, `kosher`) VALUES('×¢×›×‘×¨×•×© ×—×•×•×” ×‘×œ×ª×™ × ×œ××”', '2009-12-20 20:07:59', '2009-12-20 20:07:59', NULL)[0m
  [4;36;1mSQL (23.7ms)[0m   [0;1mCOMMIT[0m
  [4;35;1mSQL (0.0ms)[0m   [0mBEGIN[0m
  [4;36;1mUser Create (0.1ms)[0m   [0;1mINSERT INTO `users` (`name`, `created_at`, `updated_at`, `kosher`) VALUES('××× ×•×“× ×™', '2009-12-20 20:07:59', '2009-12-20 20:07:59', NULL)[0m
  [4;35;1mSQL (23.8ms)[0m   [0mCOMMIT[0m
  [4;36;1mSQL (0.0ms)[0m   [0;1mBEGIN[0m
  [4;35;1mUser Create (0.1ms)[0m   [0mINSERT INTO `users` (`name`, `created_at`, `updated_at`, `kosher`) VALUES('×’×¨×’× ×˜×•××”', '2009-12-20 20:07:59', '2009-12-20 20:07:59', NULL)[0m
  [4;36;1mSQL (23.9ms)[0m   [0;1mCOMMIT[0m
  [4;35;1mSQL (0.0ms)[0m   [0mBEGIN[0m
  [4;36;1mUser Create (0.1ms)[0m   [0;1mINSERT INTO `users` (`name`, `created_at`, `updated_at`, `kosher`) VALUES('× ×›×“×• ×©×œ ×”× ×•×¡×¢ ×‘×–××Ÿ ×©×”×•× ×¡×‘× ×©×œ ×¢×¦××•', '2009-12-20 20:07:59', '2009-12-20 20:07:59', NULL)[0m
  [4;35;1mSQL (23.8ms)[0m   [0mCOMMIT[0m
  [4;36;1mSQL (25.0ms)[0m   [0;1mINSERT INTO schema_migrations (version) VALUES ('20091220200122')[0m
  [4;35;1mSQL (0.3ms)[0m   [0mSHOW TABLES[0m
  [4;36;1mSQL (0.1ms)[0m   [0;1mSELECT version FROM schema_migrations[0m
  [4;35;1mSQL (0.2ms)[0m   [0mSHOW TABLES[0m
  [4;36;1mSQL (0.5ms)[0m   [0;1mSHOW FIELDS FROM `orders`[0m
  [4;35;1mSQL (0.3ms)[0m   [0mdescribe `orders`[0m
  [4;36;1mSQL (0.1ms)[0m   [0;1mSHOW KEYS FROM `orders`[0m
  [4;35;1mSQL (0.4ms)[0m   [0mSHOW FIELDS FROM `pizzas`[0m
  [4;36;1mSQL (0.4ms)[0m   [0;1mdescribe `pizzas`[0m
  [4;35;1mSQL (0.1ms)[0m   [0mSHOW KEYS FROM `pizzas`[0m
  [4;36;1mSQL (2.0ms)[0m   [0;1mSHOW FIELDS FROM `restaurants`[0m
  [4;35;1mSQL (0.4ms)[0m   [0mdescribe `restaurants`[0m
  [4;36;1mSQL (0.1ms)[0m   [0;1mSHOW KEYS FROM `restaurants`[0m
  [4;35;1mSQL (0.3ms)[0m   [0mSHOW FIELDS FROM `toppings`[0m
  [4;36;1mSQL (0.3ms)[0m   [0;1mdescribe `toppings`[0m
  [4;35;1mSQL (0.1ms)[0m   [0mSHOW KEYS FROM `toppings`[0m
  [4;36;1mSQL (5.5ms)[0m   [0;1mSHOW FIELDS FROM `users`[0m
  [4;35;1mSQL (0.4ms)[0m   [0mdescribe `users`[0m
  [4;36;1mSQL (0.1ms)[0m   [0;1mSHOW KEYS FROM `users`[0m
  [4;36;1mSQL (0.1ms)[0m   [0;1mSET NAMES 'utf8'[0m
  [4;35;1mSQL (0.0ms)[0m   [0mSET SQL_AUTO_IS_NULL=0[0m


Processing ApplicationController#index (for 127.0.0.1 at 2009-12-20 22:09:32) [GET]

ActionController::RoutingError (No route matches "/main/all_info" with {:method=>:get}):
  /usr/lib/ruby/1.8/webrick/httpserver.rb:104:in `service'
  /usr/lib/ruby/1.8/webrick/httpserver.rb:65:in `run'
  /usr/lib/ruby/1.8/webrick/server.rb:173:in `start_thread'
  /usr/lib/ruby/1.8/webrick/server.rb:162:in `start'
  /usr/lib/ruby/1.8/webrick/server.rb:162:in `start_thread'
  /usr/lib/ruby/1.8/webrick/server.rb:95:in `start'
  /usr/lib/ruby/1.8/webrick/server.rb:92:in `each'
  /usr/lib/ruby/1.8/webrick/server.rb:92:in `start'
  /usr/lib/ruby/1.8/webrick/server.rb:23:in `start'
  /usr/lib/ruby/1.8/webrick/server.rb:82:in `start'

Rendering rescues/layout (not_found)
  [4;36;1mSQL (0.1ms)[0m   [0;1mSET NAMES 'utf8'[0m
  [4;35;1mSQL (0.0ms)[0m   [0mSET SQL_AUTO_IS_NULL=0[0m


Processing ApplicationController#index (for 127.0.0.1 at 2009-12-20 22:10:13) [GET]

ActionController::RoutingError (No route matches "/main/" with {:method=>:get}):
  /usr/lib/ruby/1.8/webrick/httpserver.rb:104:in `service'
  /usr/lib/ruby/1.8/webrick/httpserver.rb:65:in `run'
  /usr/lib/ruby/1.8/webrick/server.rb:173:in `start_thread'
  /usr/lib/ruby/1.8/webrick/server.rb:162:in `start'
  /usr/lib/ruby/1.8/webrick/server.rb:162:in `start_thread'
  /usr/lib/ruby/1.8/webrick/server.rb:95:in `start'
  /usr/lib/ruby/1.8/webrick/server.rb:92:in `each'
  /usr/lib/ruby/1.8/webrick/server.rb:92:in `start'
  /usr/lib/ruby/1.8/webrick/server.rb:23:in `start'
  /usr/lib/ruby/1.8/webrick/server.rb:82:in `start'

Rendering rescues/layout (not_found)
  [4;36;1mSQL (0.1ms)[0m   [0;1mSET NAMES 'utf8'[0m
  [4;35;1mSQL (0.0ms)[0m   [0mSET SQL_AUTO_IS_NULL=0[0m


Processing ApplicationController#index (for 127.0.0.1 at 2009-12-20 22:10:23) [GET]

ActionController::RoutingError (No route matches "/Main/all_info" with {:method=>:get}):
  /usr/lib/ruby/1.8/webrick/httpserver.rb:104:in `service'
  /usr/lib/ruby/1.8/webrick/httpserver.rb:65:in `run'
  /usr/lib/ruby/1.8/webrick/server.rb:173:in `start_thread'
  /usr/lib/ruby/1.8/webrick/server.rb:162:in `start'
  /usr/lib/ruby/1.8/webrick/server.rb:162:in `start_thread'
  /usr/lib/ruby/1.8/webrick/server.rb:95:in `start'
  /usr/lib/ruby/1.8/webrick/server.rb:92:in `each'
  /usr/lib/ruby/1.8/webrick/server.rb:92:in `start'
  /usr/lib/ruby/1.8/webrick/server.rb:23:in `start'
  /usr/lib/ruby/1.8/webrick/server.rb:82:in `start'

Rendering rescues/layout (not_found)
  [4;36;1mSQL (0.1ms)[0m   [0;1mSET NAMES 'utf8'[0m
  [4;35;1mSQL (0.0ms)[0m   [0mSET SQL_AUTO_IS_NULL=0[0m


Processing ApplicationController#index (for 127.0.0.1 at 2009-12-20 22:11:12) [GET]

ActionController::RoutingError (No route matches "/Main/info" with {:method=>:get}):
  /usr/lib/ruby/1.8/webrick/httpserver.rb:104:in `service'
  /usr/lib/ruby/1.8/webrick/httpserver.rb:65:in `run'
  /usr/lib/ruby/1.8/webrick/server.rb:173:in `start_thread'
  /usr/lib/ruby/1.8/webrick/server.rb:162:in `start'
  /usr/lib/ruby/1.8/webrick/server.rb:162:in `start_thread'
  /usr/lib/ruby/1.8/webrick/server.rb:95:in `start'
  /usr/lib/ruby/1.8/webrick/server.rb:92:in `each'
  /usr/lib/ruby/1.8/webrick/server.rb:92:in `start'
  /usr/lib/ruby/1.8/webrick/server.rb:23:in `start'
  /usr/lib/ruby/1.8/webrick/server.rb:82:in `start'

Rendering rescues/layout (not_found)
  [4;36;1mSQL (0.1ms)[0m   [0;1mSET NAMES 'utf8'[0m
  [4;35;1mSQL (0.0ms)[0m   [0mSET SQL_AUTO_IS_NULL=0[0m


Processing ApplicationController#index (for 127.0.0.1 at 2009-12-20 22:11:18) [GET]

ActionController::RoutingError (No route matches "/main/info" with {:method=>:get}):
  /usr/lib/ruby/1.8/webrick/httpserver.rb:104:in `service'
  /usr/lib/ruby/1.8/webrick/httpserver.rb:65:in `run'
  /usr/lib/ruby/1.8/webrick/server.rb:173:in `start_thread'
  /usr/lib/ruby/1.8/webrick/server.rb:162:in `start'
  /usr/lib/ruby/1.8/webrick/server.rb:162:in `start_thread'
  /usr/lib/ruby/1.8/webrick/server.rb:95:in `start'
  /usr/lib/ruby/1.8/webrick/server.rb:92:in `each'
  /usr/lib/ruby/1.8/webrick/server.rb:92:in `start'
  /usr/lib/ruby/1.8/webrick/server.rb:23:in `start'
  /usr/lib/ruby/1.8/webrick/server.rb:82:in `start'

Rendering rescues/layout (not_found)
  [4;36;1mSQL (0.1ms)[0m   [0;1mSET NAMES 'utf8'[0m
  [4;35;1mSQL (0.0ms)[0m   [0mSET SQL_AUTO_IS_NULL=0[0m


Processing MainController#info (for 127.0.0.1 at 2009-12-20 22:11:41) [GET]
Rendering main/info
Completed in 7ms (View: 5, DB: 0) | 200 OK [http://localhost/main/info]
  [4;36;1mSQL (0.1ms)[0m   [0;1mSET NAMES 'utf8'[0m
  [4;35;1mSQL (0.0ms)[0m   [0mSET SQL_AUTO_IS_NULL=0[0m


Processing MainController#info (for 127.0.0.1 at 2009-12-20 22:13:11) [GET]
Rendering main/info

ActionView::TemplateError (uninitialized constant ActionView::Base::CompiledTemplates::Users) on line #3 of app/views/main/info.html.erb:
1: <h1>××‘×˜ ×›×•×œ×œ ×¢×œ ××¡×“ ×”× ×ª×•× ×™×</h1>
2: <h2>××©×ª××©×™×</h2>
3: <% for user in Users.find(:all) %>
4: <p> <%= user.name %> </p>
5: <% end %>

    app/views/main/info.html.erb:3
    /usr/lib/ruby/1.8/webrick/httpserver.rb:104:in `service'
    /usr/lib/ruby/1.8/webrick/httpserver.rb:65:in `run'
    /usr/lib/ruby/1.8/webrick/server.rb:173:in `start_thread'
    /usr/lib/ruby/1.8/webrick/server.rb:162:in `start'
    /usr/lib/ruby/1.8/webrick/server.rb:162:in `start_thread'
    /usr/lib/ruby/1.8/webrick/server.rb:95:in `start'
    /usr/lib/ruby/1.8/webrick/server.rb:92:in `each'
    /usr/lib/ruby/1.8/webrick/server.rb:92:in `start'
    /usr/lib/ruby/1.8/webrick/server.rb:23:in `start'
    /usr/lib/ruby/1.8/webrick/server.rb:82:in `start'

Rendered rescues/_trace (61.5ms)
Rendered rescues/_request_and_response (1.3ms)
Rendering rescues/layout (internal_server_error)
  [4;36;1mSQL (0.1ms)[0m   [0;1mSET NAMES 'utf8'[0m
  [4;35;1mSQL (0.0ms)[0m   [0mSET SQL_AUTO_IS_NULL=0[0m


Processing MainController#info (for 127.0.0.1 at 2009-12-20 22:13:28) [GET]
Rendering main/info
  [4;36;1mUser Load (0.3ms)[0m   [0;1mSELECT * FROM `users` [0m
  [4;35;1mUser Columns (0.5ms)[0m   [0mSHOW FIELDS FROM `users`[0m
Completed in 17ms (View: 15, DB: 1) | 200 OK [http://localhost/main/info]
  [4;36;1mSQL (0.1ms)[0m   [0;1mSET NAMES 'utf8'[0m
  [4;35;1mSQL (0.0ms)[0m   [0mSET SQL_AUTO_IS_NULL=0[0m


Processing MainController#info (for 127.0.0.1 at 2009-12-20 22:16:11) [GET]
Rendering template within layouts/main
Rendering main/info
  [4;36;1mUser Load (0.1ms)[0m   [0;1mSELECT * FROM `users` [0m
  [4;35;1mUser Columns (0.6ms)[0m   [0mSHOW FIELDS FROM `users`[0m
Completed in 24ms (View: 21, DB: 1) | 200 OK [http://localhost/main/info]
